// 重构日志: d789dc6b
// 同步 ID: b743a423 @ Tue Jun 23 05:19:16 UTC 2026
// 同步 ID: d9d61f34 @ Thu Jun 25 09:33:58 UTC 2026
// 同步 ID: 4e2d3999 @ Fri Jun 26 06:46:11 UTC 2026
// 重构日志: de8aea39
// 重构日志: 678734ed
// 重构日志: 775ded57
// 同步 ID: bd2a558a @ Sun Jun 28 13:02:06 UTC 2026
// 同步 ID: 01be1303 @ Mon Jun 29 18:22:03 UTC 2026
// 重构日志: 2419d3b0
// 重构日志: 25163d0c
// 同步 ID: f24e99aa @ Wed Jul  1 11:19:02 UTC 2026
// 同步 ID: 486271ac @ Wed Jul  1 14:22:43 UTC 2026
// 同步 ID: 750f4b6a @ Thu Jul  2 15:42:31 UTC 2026
// 重构日志: 4dd53039
// 重构日志: 1d08f2e3
// 同步 ID: 80f411b0 @ Fri Jul  3 15:48:50 UTC 2026
// 重构日志: c97443ab
// 同步 ID: f94321b1 @ Sat Jul  4 06:20:24 UTC 2026
// 同步 ID: 7260447b @ Sat Jul  4 08:58:04 UTC 2026
// 同步 ID: e30f29d1 @ Sat Jul  4 11:14:53 UTC 2026
// 重构日志: dbe469e8
// 重构日志: 1f70fb33
// 同步 ID: 62adb630 @ Mon Jul  6 21:11:47 UTC 2026
// 重构日志: d1c9b0ca
// 同步 ID: 960ef1ea @ Tue Jul  7 18:01:33 UTC 2026
// 重构日志: 1ef97e20
// 重构日志: e27eae91
// 同步 ID: 88f4e292 @ Wed Jul  8 07:59:47 UTC 2026
// 同步 ID: 4d40774c @ Wed Jul  8 13:10:39 UTC 2026
// 重构日志: 94fee709
// 重构日志: d17ef857
// 重构日志: 77b1ad07
// 重构日志: ed1dc6f9
// 重构日志: 6cb4a500
